<?xml version="1.0" encoding="UTF-8"?>
<!-- Generated by org.testng.reporters.JUnitXMLReporter -->
<testsuite ignored="0" hostname="DESKTOP-AH73BTA" failures="0" tests="3" name="Test" time="0.059" errors="0" timestamp="2020-10-20T19:59:25 EDT">
  <testcase classname="edu.mrg.seleniumMavenProject1.BaseClass" name="createTest1" time="0.008"/>
  <testcase classname="edu.mrg.seleniumMavenProject1.BaseClass" name="createTest2" time="0.002"/>
  <testcase classname="edu.mrg.seleniumMavenProject1.BaseClass" name="createTest3" time="0.003"/>
</testsuite> <!-- Test -->
