<?xml version="1.0" encoding="UTF-8"?>
<!-- Generated by org.testng.reporters.JUnitXMLReporter -->
<testsuite ignored="0" hostname="DESKTOP-AH73BTA" failures="0" tests="3" name="Test" time="1.627" errors="0" timestamp="2020-10-21T22:51:02 EDT">
  <testcase classname="edu.mrg.seleniumMavenProject1.TestClass" name="verifyOrangeTitle" time="0.017"/>
  <testcase classname="edu.mrg.seleniumMavenProject1.TestClass" name="verifyOrangeLogo" time="0.107"/>
  <testcase classname="edu.mrg.seleniumMavenProject1.TestClass" name="verifyOrangeLogin" time="1.451"/>
</testsuite> <!-- Test -->
