<?xml version="1.0" encoding="UTF-8"?>
<testng-results ignored="0" total="3" passed="3" failed="0" skipped="0">
  <reporter-output>
  </reporter-output>
  <suite started-at="2020-10-21T22:51:00 EDT" name="Suite" finished-at="2020-10-21T22:51:01 EDT" duration-ms="1627">
    <groups>
    </groups>
    <test started-at="2020-10-21T22:51:00 EDT" name="Test" finished-at="2020-10-21T22:51:01 EDT" duration-ms="1627">
      <class name="edu.mrg.seleniumMavenProject1.TestClass">
        <test-method is-config="true" signature="baseClss()[pri:0, instance:edu.mrg.seleniumMavenProject1.TestClass@12d4bf7e]" started-at="2020-10-21T22:50:48 EDT" name="baseClss" finished-at="2020-10-21T22:51:00 EDT" duration-ms="12075" status="PASS">
          <reporter-output>
          </reporter-output>
        </test-method> <!-- baseClss -->
        <test-method signature="verifyOrangeTitle()[pri:1, instance:edu.mrg.seleniumMavenProject1.TestClass@12d4bf7e]" started-at="2020-10-21T22:51:00 EDT" name="verifyOrangeTitle" finished-at="2020-10-21T22:51:00 EDT" duration-ms="17" status="PASS">
          <reporter-output>
          </reporter-output>
        </test-method> <!-- verifyOrangeTitle -->
        <test-method signature="verifyOrangeLogo()[pri:2, instance:edu.mrg.seleniumMavenProject1.TestClass@12d4bf7e]" started-at="2020-10-21T22:51:00 EDT" name="verifyOrangeLogo" finished-at="2020-10-21T22:51:00 EDT" duration-ms="107" status="PASS">
          <reporter-output>
          </reporter-output>
        </test-method> <!-- verifyOrangeLogo -->
        <test-method signature="verifyOrangeLogin()[pri:3, instance:edu.mrg.seleniumMavenProject1.TestClass@12d4bf7e]" started-at="2020-10-21T22:51:00 EDT" name="verifyOrangeLogin" finished-at="2020-10-21T22:51:01 EDT" duration-ms="1451" status="PASS">
          <reporter-output>
          </reporter-output>
        </test-method> <!-- verifyOrangeLogin -->
        <test-method is-config="true" signature="teardownHomepage()[pri:0, instance:edu.mrg.seleniumMavenProject1.TestClass@12d4bf7e]" started-at="2020-10-21T22:51:02 EDT" name="teardownHomepage" finished-at="2020-10-21T22:51:03 EDT" duration-ms="975" status="PASS">
          <reporter-output>
          </reporter-output>
        </test-method> <!-- teardownHomepage -->
      </class> <!-- edu.mrg.seleniumMavenProject1.TestClass -->
    </test> <!-- Test -->
  </suite> <!-- Suite -->
</testng-results>
