<?xml version="1.0" encoding="UTF-8"?>
<testng-results ignored="0" total="3" passed="3" failed="0" skipped="0">
  <reporter-output>
  </reporter-output>
  <suite started-at="2020-10-20T19:59:25 EDT" name="Suite" finished-at="2020-10-20T19:59:25 EDT" duration-ms="59">
    <groups>
    </groups>
    <test started-at="2020-10-20T19:59:25 EDT" name="Test" finished-at="2020-10-20T19:59:25 EDT" duration-ms="59">
      <class name="edu.mrg.seleniumMavenProject1.BaseClass">
        <test-method is-config="true" signature="beforeSuite()[pri:0, instance:edu.mrg.seleniumMavenProject1.BaseClass@3b07a0d6]" started-at="2020-10-20T19:59:25 EDT" name="beforeSuite" finished-at="2020-10-20T19:59:25 EDT" duration-ms="12" status="PASS">
          <reporter-output>
          </reporter-output>
        </test-method> <!-- beforeSuite -->
        <test-method is-config="true" signature="beforeClass()[pri:0, instance:edu.mrg.seleniumMavenProject1.BaseClass@3b07a0d6]" started-at="2020-10-20T19:59:25 EDT" name="beforeClass" finished-at="2020-10-20T19:59:25 EDT" duration-ms="0" status="PASS">
          <reporter-output>
          </reporter-output>
        </test-method> <!-- beforeClass -->
        <test-method signature="createTest1()[pri:0, instance:edu.mrg.seleniumMavenProject1.BaseClass@3b07a0d6]" started-at="2020-10-20T19:59:25 EDT" name="createTest1" finished-at="2020-10-20T19:59:25 EDT" duration-ms="8" status="PASS">
          <reporter-output>
          </reporter-output>
        </test-method> <!-- createTest1 -->
        <test-method signature="createTest2()[pri:0, instance:edu.mrg.seleniumMavenProject1.BaseClass@3b07a0d6]" started-at="2020-10-20T19:59:25 EDT" name="createTest2" finished-at="2020-10-20T19:59:25 EDT" duration-ms="2" status="PASS">
          <reporter-output>
          </reporter-output>
        </test-method> <!-- createTest2 -->
        <test-method signature="createTest3()[pri:0, instance:edu.mrg.seleniumMavenProject1.BaseClass@3b07a0d6]" started-at="2020-10-20T19:59:25 EDT" name="createTest3" finished-at="2020-10-20T19:59:25 EDT" duration-ms="3" status="PASS">
          <reporter-output>
          </reporter-output>
        </test-method> <!-- createTest3 -->
        <test-method is-config="true" signature="afterClass()[pri:0, instance:edu.mrg.seleniumMavenProject1.BaseClass@3b07a0d6]" started-at="2020-10-20T19:59:25 EDT" name="afterClass" finished-at="2020-10-20T19:59:25 EDT" duration-ms="0" status="PASS">
          <reporter-output>
          </reporter-output>
        </test-method> <!-- afterClass -->
        <test-method is-config="true" signature="atereSuite()[pri:0, instance:edu.mrg.seleniumMavenProject1.BaseClass@3b07a0d6]" started-at="2020-10-20T19:59:25 EDT" name="atereSuite" finished-at="2020-10-20T19:59:25 EDT" duration-ms="0" status="PASS">
          <reporter-output>
          </reporter-output>
        </test-method> <!-- atereSuite -->
      </class> <!-- edu.mrg.seleniumMavenProject1.BaseClass -->
    </test> <!-- Test -->
  </suite> <!-- Suite -->
</testng-results>
